<?xml version="1.0" encoding="UTF-8"?>
<testsuite name="com.yulong.springframework.BeanFactoryTest" tests="1" skipped="0" failures="0" errors="0" timestamp="2021-05-22T06:11:37" hostname="Yulongs-MBP.lan" time="0.057">
  <properties/>
  <testcase name="Test bean factory" classname="com.yulong.springframework.BeanFactoryTest" time="0.057"/>
  <system-out><![CDATA[This is user info.
]]></system-out>
  <system-err><![CDATA[]]></system-err>
</testsuite>
